Kurama used COMMAND:/a aaaaaaaaaaaaaaaaaaaaaaaaaaaaaabbbbbbbbbb
Kurama [CMD:]/stats
Kurama [CMD:]/stats
Kurama [CMD:]/pday
Kurama [CMD:]/fly
Kurama [CMD:]/spawnchange
Kurama [CMD:]/respawn 0
Kurama [CMD:]/turfs
Kurama [CMD:]/factions
Kurama [CMD:]/licenses
Kurama [CMD:]/factions
Kurama [CMD:]/makeleader 0 2
Kurama [CMD:]/fly
Kurama [CMD:]/loadrace
Kurama [CMD:]/factions
Kurama [CMD:]/help
Kurama [CMD:]/househelp
Kurama [CMD:]/sellhouse
Kurama [CMD:]/respawn kurama
Kurama [CMD:]/fly
Kurama [CMD:]/fly
Kurama [CMD:]/gotols
Kurama [CMD:]/fly
Kurama [CMD:]/fly
Kurama [CMD:]/fuelcars
Kurama [CMD:]/engine
Kurama [CMD:]/agl
Kurama [CMD:]/givelicense
Kurama [CMD:]/givelicense kurama flying
Kurama [CMD:]/respawn 0
Kurama [CMD:]/fly
Kurama [CMD:]/fly
Kurama [CMD:]/turfs
Kurama [CMD:]/ah
Kurama [CMD:]/factions
Kurama [CMD:]/leaderhelp
Kurama [CMD:]/applications
Kurama [CMD:]/setfactionlevel
Kurama [CMD:]/setfactionlevel 1 7
Kurama [CMD:]/setfactionlevel 2 7
Kurama [CMD:]/factions
Kurama [CMD:]/setfactionlevel 3 3
Kurama [CMD:]/factions
Kurama [CMD:]/setfactionlevel 4 5
Kurama [CMD:]/setfactionlevel 5 5
Kurama [CMD:]/factions
Kurama [CMD:]/setfactionlevel 6 7
Kurama [CMD:]/factions
Kurama [CMD:]/setfactionlevel 7 3
Kurama [CMD:]/setfactionlevel 8 5
Kurama [CMD:]/setfactionlevel 8 3
Kurama [CMD:]/setfactionlevel 9 5
Kurama [CMD:]/setfactionlevel 10 5
Kurama [CMD:]/factions
Kurama [CMD:]/factions
Kurama [CMD:]/gotols
Kurama [CMD:]/fly
Kurama [CMD:]/fly
Kurama [CMD:]/createfaction
Kurama [CMD:]/createfaction For More Adrenaline
Kurama [CMD:]/factions
Kurama [CMD:]/fly
Kurama [CMD:]/gotog
Kurama [CMD:]/fly
Kurama [CMD:]/factions
Kurama [CMD:]/applications
Kurama [CMD:]/factionlevel
Kurama [CMD:]/ah
Kurama [CMD:]/setfactionlevel 1 7
Kurama [CMD:]/makeleader 07
Kurama [CMD:]/makeleader 0 7
Kurama [CMD:]/makeleader 0 8
Kurama [CMD:]/stats
Kurama [CMD:]/factions
Kurama [CMD:]/ah
Kurama [CMD:]/setfactionlevel 1 7
Kurama [CMD:]/setfactionlevel 2 7
Kurama [CMD:]/setfactionlevel 3 3
Kurama [CMD:]/setfactionlevel 4 5
Kurama [CMD:]/setfactionlevel 5 5
Kurama [CMD:]/setfactionlevel 6 3
Kurama [CMD:]/setfactionlevel 6 7
Kurama [CMD:]/setfactionlevel 7 3
Kurama [CMD:]/setfactionlevel 8 3
Kurama [CMD:]/setfactionlevel 9 5
Kurama [CMD:]/setfactionlevel 10 5
Kurama [CMD:]/factions
Kurama [CMD:]/gotopos
Kurama [CMD:]/gotopos 1530.8369, -1664.8872, 6.2188
Kurama [CMD:]/gotog
Kurama [CMD:]/fly
Kurama [CMD:]/fly
Kurama [CMD:]/fly
Kurama [CMD:]/fly
Kurama [CMD:]/fly
Kurama [CMD:]/fly
Kurama [CMD:]/respawn 0
Kurama [CMD:]/fly
Kurama [CMD:]/fly
Kurama [CMD:]/respawn 0
Kurama [CMD:]/fly
Kurama [CMD:]/fly
Kurama [CMD:]/respawn 0
Kurama [CMD:]/respawn 0
Kurama [CMD:]/fly
Kurama [CMD:]/fly
Kurama [CMD:]/fly
Kurama [CMD:]/fly
Kurama [CMD:]/respawn 0
Kurama [CMD:]/gotols
Kurama [CMD:]/gotols
Kurama [CMD:]/gotog
Kurama [CMD:]/fly
Kurama [CMD:]/fly
Kurama [CMD:]/fly
Kurama [CMD:]/fly
Kurama [CMD:]/fly
Kurama [CMD:]/fly
Kurama [CMD:]/respawn 0
Kurama [CMD:]/fly
Kurama [CMD:]/fly
Kurama [CMD:]/respawn 0
Kurama [CMD:]/fly
Kurama [CMD:]/fly
Kurama [CMD:]/respawn 0
Kurama [CMD:]/fly
Kurama [CMD:]/fly
Kurama [CMD:]/respawn 0
Kurama [CMD:]/fly
Kurama [CMD:]/fly
Kurama [CMD:]/respawn 0
Kurama [CMD:]/fly
Kurama [CMD:]/gotopos -2485.67, -287.22, 42.34
Kurama [CMD:]/fly
Kurama [CMD:]/sethp
Kurama [CMD:]/sethp 0 0
Kurama [CMD:]/gotopos 1540.1508, -1675.5979, 14.9585
Kurama [CMD:]/respawn 0
Kurama [CMD:]/fly
Kurama [CMD:]/sethp 0 0
Kurama [CMD:]/sethp 0 0
Kurama [CMD:]/fly
Kurama [CMD:]/fly
Kurama [CMD:]/fly
Kurama [CMD:]/fly
Kurama [CMD:]/sethp 0 0
Kurama [CMD:]/fly
Kurama [CMD:]/fly
Kurama [CMD:]/kill 0 0
Kurama [CMD:]/sethp 0 0
Kurama [CMD:]/sethp 0 0
Kurama [CMD:]/makeleader 0 0
Kurama [CMD:]/sethp 0 0
Kurama [CMD:]/makeleader 0 3
Kurama [CMD:]/makeleader 0 0
Kurama [CMD:]/gotog
Kurama [CMD:]/fly
Kurama [CMD:]/fly
Kurama [CMD:]/gotols
Kurama [CMD:]/gotog
Kurama [CMD:]/fly
Kurama [CMD:]/fly
Kurama [CMD:]/fly
Kurama [CMD:]/fly
Kurama [CMD:]/gotols
Kurama [CMD:]/fly
Kurama [CMD:]/fly
Kurama [CMD:]/gotog
Kurama [CMD:]/fly
Kurama [CMD:]/fly
Kurama [CMD:]/factions
Kurama [CMD:]/gotols
Kurama [CMD:]/fly
Kurama [CMD:]/fly
Kurama [CMD:]/factions
Kurama [CMD:]/gotog
Kurama [CMD:]/fly
Kurama [CMD:]/fly
Kurama [CMD:]/gotog
Kurama [CMD:]/factions
Kurama [CMD:]/gotols
Kurama [CMD:]/fly
Kurama [CMD:]/fly#
Kurama [CMD:]/fly
Kurama [CMD:]/fly
Kurama [CMD:]/fly
Kurama [CMD:]/camera skin crips
Kurama [CMD:]/sethp 0 0
Kurama [CMD:]/sethp 0 0
Kurama [CMD:]/sethp 0 0
Kurama [CMD:]/sethp 0 0
Kurama [CMD:]/sethp 0 0
Kurama [CMD:]/sethp 0 0
Kurama [CMD:]/sethp 0 0
Kurama [CMD:]/sethp 0 0
Kurama [CMD:]/sethp 0 0
Kurama [CMD:]/sethp 0 0
Kurama [CMD:]/sethp 0 0
Kurama [CMD:]/sethp 0 0
Kurama [CMD:]/sethp 0 0
Kurama [CMD:]/sethp 0 0
Kurama [CMD:]/sethp 0 0
Kurama [CMD:]/sethp 0 0
Kurama [CMD:]/sethp 0 0
Kurama [CMD:]/sethp 0 0
Kurama [CMD:]/sethp 0 0
Kurama [CMD:]/sethp 0 0
Kurama [CMD:]/sethp 0 0
Kurama [CMD:]/sethp 0 0
Kurama [CMD:]/sethp 0 0
Kurama [CMD:]/ah
Kurama [CMD:]/gotog
Kurama [CMD:]/updatespawn
Kurama [CMD:]/updatespawn 0
Kurama [CMD:]/respawn 0
Kurama [CMD:]/resetmission
Kurama [CMD:]/resetmissions
Kurama [CMD:]/mission
Kurama [CMD:]/missions
Kurama [CMD:]/propertywipe
Kurama [CMD:]/propertywipe 1
Kurama [CMD:]/propertywipe 3
Kurama [CMD:]/propertywipe 2
Kurama [CMD:]/edit
Kurama [CMD:]/edit
Kurama [CMD:]/updatespawn 0
Kurama [CMD:]/makeleader 0 3
Kurama [CMD:]/getpills
Kurama [CMD:]/get
Kurama [CMD:]/get pills
Kurama [CMD:]/stats
Kurama [CMD:]/quitjob
Kurama [CMD:]/fly
Kurama [CMD:]/gotols
Kurama [CMD:]/gotols
Kurama [CMD:]/fly
Kurama [CMD:]/takevehicle
Kurama [CMD:]/startfarm
Kurama [CMD:]/sellbag
Kurama [CMD:]/fly
Kurama [CMD:]/gotols
Kurama [CMD:]/fly
Kurama [CMD:]/licenses
Kurama [CMD:]/takelicense
Kurama [CMD:]/takelicense flying
Kurama [CMD:]/takelicense 0 flying
Kurama [CMD:]/fly
Kurama [CMD:]/gotols
Kurama [CMD:]/fly
Kurama [CMD:]/takelicense 0 driving
Kurama [CMD:]/gotodriving
Kurama [CMD:]/gotols
Kurama [CMD:]/fly
Kurama [CMD:]/fly
Kurama [CMD:]/licenses
Kurama [CMD:]/takelicense 0 flying
Kurama [CMD:]/licenses
Kurama [CMD:]/takelicense 0 flying/factions
Kurama [CMD:]/factions
Kurama [CMD:]/fly
Kurama [CMD:]/fly
Kurama [CMD:]/createfaction
Kurama [CMD:]/createfaction FMA
Kurama [CMD:]/updatespawn 11
Kurama [CMD:]/makeleader 0 11
Kurama [CMD:]/gotog
Kurama [CMD:]/fly
Kurama [CMD:]/fly
Kurama [CMD:]/updatespawn 11
Kurama [CMD:]/updateenterhq 11
Kurama [CMD:]/ah
Kurama [CMD:]/enterupdatehq
Kurama [CMD:]/enterupdatehq 11
Kurama [CMD:]/f salut
Kurama [CMD:]/stats
Kurama [CMD:]/help
Kurama [CMD:]/ah
Kurama [CMD:]/spawntvehicle
Kurama [CMD:]/spawntvehicle 451
Kurama [CMD:]/racehelp
Kurama [CMD:]/racebuilder
Kurama [CMD:]/createcp
Kurama [CMD:]/createcp
Kurama [CMD:]/createcp
Kurama [CMD:]/createcp
Kurama [CMD:]/createcp
Kurama [CMD:]/createcp
Kurama [CMD:]/createcp
Kurama [CMD:]/createcp
Kurama [CMD:]/createcp
Kurama [CMD:]/lastcp
Kurama [CMD:]/loadrace
Kurama [CMD:]/ready
Kurama [CMD:]/racers
Kurama [CMD:]/racers
Kurama [CMD:]/fly
Kurama [CMD:]/loadrace
Kurama [CMD:]/fly
Kurama [CMD:]/factions
Kurama [CMD:]/gotog
Kurama [CMD:]/spawntvehicle 451
Kurama [CMD:]/racerbuild
Kurama [CMD:]/racehelp
Kurama [CMD:]/racebuilder
Kurama [CMD:]/createcp
Kurama [CMD:]/createcp
Kurama [CMD:]/createcp
Kurama [CMD:]/createcp
Kurama [CMD:]/createcp
Kurama [CMD:]/createcp
Kurama [CMD:]/createcp
Kurama [CMD:]/createcp
Kurama [CMD:]/createcp
Kurama [CMD:]/createcp
Kurama [CMD:]/createcp
Kurama [CMD:]/createcp
Kurama [CMD:]/createcp
Kurama [CMD:]/lastcp
Kurama [CMD:]/loadrace
Kurama [CMD:]/gotog
Kurama [CMD:]/spawntvehicle 411
Kurama [CMD:]/racebuilder
Kurama [CMD:]/createcp
Kurama [CMD:]/createcp
Kurama [CMD:]/createcp
Kurama [CMD:]/createcp
Kurama [CMD:]/createcp
Kurama [CMD:]/createcp
Kurama [CMD:]/createcp
Kurama [CMD:]/createcp
Kurama [CMD:]/createcp
Kurama [CMD:]/createcp
Kurama [CMD:]/createcp
Kurama [CMD:]/createcp
Kurama [CMD:]/createcp
Kurama [CMD:]/createcp
Kurama [CMD:]/lastcp
Kurama [CMD:]/loadrace
Kurama [CMD:]/loadrace
Kurama [CMD:]/spawntvehicle 510
Kurama [CMD:]/spawntvehicle 509
Kurama [CMD:]/spawntvehicle 508
Kurama [CMD:]/spawntvehicle 507
Kurama [CMD:]/spawntvehicle 506
Kurama [CMD:]/rac
Kurama [CMD:]/spawntvehicle 505
Kurama [CMD:]/spawntvehicle 504
Kurama [CMD:]/spawntvehicle 503
Kurama [CMD:]/spawntvehicle 502
Kurama [CMD:]/spawntvehicle 501
Kurama [CMD:]/sLAP 0
Kurama [CMD:]/spawntvehicle 500
Kurama [CMD:]/spawntvehicle 99
Kurama [CMD:]/spawntvehicle 499
Kurama [CMD:]/spawntvehicle 498
Kurama [CMD:]/spawntvehicle 497
Kurama [CMD:]/spawntvehicle 497
Kurama [CMD:]/spawntvehicle 496
Kurama [CMD:]/spawntvehicle 451
Kurama [CMD:]/rac
Kurama [CMD:]/fixveh
Kurama [CMD:]/ready
Kurama [CMD:]/endrace
Kurama [CMD:]/LOADRACE
Kurama [CMD:]/ENDRACE
Kurama [CMD:]/LOADRACE
Kurama [CMD:]/LOADRACE
Kurama [CMD:]/endrace
Kurama [CMD:]/licenses
Kurama [CMD:]/take
Kurama [CMD:]/takelicense
Kurama [CMD:]/takelicense 0 flying
Kurama [CMD:]/licenses
Kurama [CMD:]/gotoflying
Kurama [CMD:]/gotols
Kurama [CMD:]/fly
Kurama [CMD:]/fly
Kurama [CMD:]/fuelcars
Kurama [CMD:]/engine
Kurama [CMD:]/engine
Kurama [CMD:]/licenses
Kurama [CMD:]/gotog
Kurama [CMD:]/spawntvehicle 451
Kurama [CMD:]/givelicense 0 driving
Kurama [CMD:]/license
Kurama [CMD:]/licenses
Kurama [CMD:]/gotog
Kurama [CMD:]/fly
Kurama [CMD:]/fly
Kurama [CMD:]/updatespawn
Kurama [CMD:]/updatespawn 11
Kurama [CMD:]/updateenterhq
Kurama [CMD:]/ah
Kurama [CMD:]/enterupdatehq
Kurama [CMD:]/enterupdatehq 11
Kurama [CMD:]/makeleader 0 3
Kurama [CMD:]/spawnchange
Kurama [CMD:]/respawn 0
Kurama [CMD:]/updateexithq
Kurama [CMD:]/updateexithq
Kurama [CMD:]/exitupdatehq
Kurama [CMD:]/exitupdatehq 11,1494.325195,1304.942871,1093.2890
Kurama [CMD:]/spawnchange
Kurama [CMD:]/sellhousetostate
Kurama [CMD:]/sellhouse
Kurama [CMD:]/makeleader 0 11
Kurama [CMD:]/stats
Kurama [CMD:]/ah
Kurama [CMD:]/properrtywipe
Kurama [CMD:]/propertywipe
Kurama [CMD:]/propertywipe 1
Kurama [CMD:]/propertywipe 2
Kurama [CMD:]/water
Kurama [CMD:]/heal
Kurama [CMD:]/mycars
Kurama [CMD:]/gotog
Kurama [CMD:]/ah
Kurama [CMD:]/spawntvehicle 411
Kurama [CMD:]/givelicense
Kurama [CMD:]/givelicense 0 driving
Kurama [CMD:]/carradio
Kurama [CMD:]/licenses
Kurama [CMD:]/pday
Kurama [CMD:]/resetmission
Kurama [CMD:]/ah
Kurama [CMD:]/resetmissions
Kurama [CMD:]/mission
Kurama [CMD:]/missions
Kurama [CMD:]/licenses
Kurama [CMD:]/gotobiz 1
Kurama [CMD:]/gotobiz 2
Kurama [CMD:]/gotobiz 3
Kurama [CMD:]/gotobiz 4
Kurama [CMD:]/gotobiz 5
Kurama [CMD:]/gotobiz 6
Kurama [CMD:]/gotobiz 7
Kurama [CMD:]/gotobiz 8
Kurama [CMD:]/gotobiz 9
Kurama [CMD:]/gotobiz 10
Kurama [CMD:]/gotobiz 11
Kurama [CMD:]/gotobiz 12
Kurama [CMD:]/gotobiz 13
Kurama [CMD:]/gotobiz 14
Kurama [CMD:]/addpickup
Kurama [CMD:]/addpickup 1581 2 1 6 Gun License
Kurama [CMD:]/gotobiz 15
Kurama [CMD:]/gotobiz 14
Kurama [CMD:]/spawntvehicle
Kurama [CMD:]/spawntvehicle 451
Kurama [CMD:]/spawntvehicle 451
Kurama [CMD:]/turfs
Kurama [CMD:]/factions
Kurama [CMD:]/ah
Kurama [CMD:]/setfactionlevel
Kurama [CMD:]/setfactionlevel 1 7
Kurama [CMD:]/setfactionlevel 2 7
Kurama [CMD:]/setfactionlevel 3 3
Kurama [CMD:]/setfactionlevel 4 5
Kurama [CMD:]/setfactionlevel 5 5
Kurama [CMD:]/setfactionlevel 6 7
Kurama [CMD:]/setfactionlevel 7 3
Kurama [CMD:]/setfactionlevel 8 3
Kurama [CMD:]/setfactionlevel 9 5
Kurama [CMD:]/setfactionlevel 10 5
Kurama [CMD:]/factions
